<?xml version="1.0" encoding="UTF-8"?>
<!-- Generated by org.testng.reporters.JUnitReportReporter -->
<testsuite skipped="0" hostname="DESKTOP-PJ5JRQT" name="com.data.test.Registration" tests="1" failures="0" timestamp="30 Sep 2021 05:55:23 GMT" time="39.175" errors="0">
  <testcase name="register" time="39.175" classname="com.data.test.Registration"/>
</testsuite> <!-- com.data.test.Registration -->
